Performing C SOURCE FILE Test HAS_O_TMPFILE failed with the following output:
Change Dir: /home/gaoming/git/iio/libiio/CMakeFiles/CMakeTmp

Run Build Command:/usr/bin/make "cmTryCompileExec/fast"
make[1]: Entering directory `/home/gaoming/git/iio/libiio/CMakeFiles/CMakeTmp'
/usr/bin/make -f CMakeFiles/cmTryCompileExec.dir/build.make CMakeFiles/cmTryCompileExec.dir/build
make[2]: Entering directory `/home/gaoming/git/iio/libiio/CMakeFiles/CMakeTmp'
/usr/bin/cmake -E cmake_progress_report /home/gaoming/git/iio/libiio/CMakeFiles/CMakeTmp/CMakeFiles 1
Building C object CMakeFiles/cmTryCompileExec.dir/src.c.o
/usr/bin/gcc  -D_GNU_SOURCE=1 -fvisibility=hidden  -DHAS_O_TMPFILE   -o CMakeFiles/cmTryCompileExec.dir/src.c.o   -c /home/gaoming/git/iio/libiio/CMakeFiles/CMakeTmp/src.c
/home/gaoming/git/iio/libiio/CMakeFiles/CMakeTmp/src.c: In function ‘main’:
/home/gaoming/git/iio/libiio/CMakeFiles/CMakeTmp/src.c:2:25: error: ‘O_TMPFILE’ undeclared (first use in this function)
/home/gaoming/git/iio/libiio/CMakeFiles/CMakeTmp/src.c:2:25: note: each undeclared identifier is reported only once for each function it appears in
make[2]: Leaving directory `/home/gaoming/git/iio/libiio/CMakeFiles/CMakeTmp'
make[2]: *** [CMakeFiles/cmTryCompileExec.dir/src.c.o] Error 1
make[1]: Leaving directory `/home/gaoming/git/iio/libiio/CMakeFiles/CMakeTmp'
make[1]: *** [cmTryCompileExec/fast] Error 2

Source file was:
#include <fcntl.h>
int main(void) { return O_TMPFILE; }
Performing C SOURCE FILE Test HAS_O_TMPFILE failed with the following output:
Change Dir: /home/gaoming/git/iio/libiio/CMakeFiles/CMakeTmp

Run Build Command:/usr/bin/make "cmTryCompileExec/fast"
make[1]: Entering directory `/home/gaoming/git/iio/libiio/CMakeFiles/CMakeTmp'
/usr/bin/make -f CMakeFiles/cmTryCompileExec.dir/build.make CMakeFiles/cmTryCompileExec.dir/build
make[2]: Entering directory `/home/gaoming/git/iio/libiio/CMakeFiles/CMakeTmp'
/usr/bin/cmake -E cmake_progress_report /home/gaoming/git/iio/libiio/CMakeFiles/CMakeTmp/CMakeFiles 1
Building C object CMakeFiles/cmTryCompileExec.dir/src.c.o
/usr/bin/gcc  -D_GNU_SOURCE=1 -fvisibility=hidden  -DHAS_O_TMPFILE   -o CMakeFiles/cmTryCompileExec.dir/src.c.o   -c /home/gaoming/git/iio/libiio/CMakeFiles/CMakeTmp/src.c
/home/gaoming/git/iio/libiio/CMakeFiles/CMakeTmp/src.c: In function ‘main’:
/home/gaoming/git/iio/libiio/CMakeFiles/CMakeTmp/src.c:2:25: error: ‘O_TMPFILE’ undeclared (first use in this function)
/home/gaoming/git/iio/libiio/CMakeFiles/CMakeTmp/src.c:2:25: note: each undeclared identifier is reported only once for each function it appears in
make[2]: *** [CMakeFiles/cmTryCompileExec.dir/src.c.o] Error 1
make[2]: Leaving directory `/home/gaoming/git/iio/libiio/CMakeFiles/CMakeTmp'
make[1]: *** [cmTryCompileExec/fast] Error 2
make[1]: Leaving directory `/home/gaoming/git/iio/libiio/CMakeFiles/CMakeTmp'

Source file was:
#include <fcntl.h>
int main(void) { return O_TMPFILE; }
